<?xml version="1.0" encoding="UTF-8"?>
<!-- Generated by org.testng.reporters.JUnitReportReporter -->
<testsuite hostname="01HW1889862" failures="0" tests="1" name="maven_project.FirstClass" time="0.008" errors="0" timestamp="2024-01-11T12:40:44 IST" skipped="0">
  <testcase classname="maven_project.FirstClass" name="main" time="0.008"/>
</testsuite> <!-- maven_project.FirstClass -->
