<?xml version="1.0" encoding="UTF-8"?>
<!-- Generated by org.testng.reporters.JUnitReportReporter -->
<testsuite hostname="01HW1889862" failures="0" tests="1" name="maven_project.AKB_Login" time="3.790" errors="0" timestamp="2024-01-11T15:51:56 IST" skipped="0">
  <testcase classname="maven_project.AKB_Login" name="browser" time="3.790"/>
</testsuite> <!-- maven_project.AKB_Login -->
