<?xml version="1.0" encoding="UTF-8"?>
<!-- Generated by org.testng.reporters.JUnitReportReporter -->
<testsuite hostname="01HW1889862" failures="0" tests="1" name="maven_project.annotations" time="3.303" errors="0" timestamp="2024-09-09T15:22:16 IST" skipped="0">
  <testcase classname="maven_project.annotations" name="logintest" time="3.303"/>
</testsuite> <!-- maven_project.annotations -->
